<?xml version="1.0" encoding="UTF-8" ?>
<testsuite errors="5" failures="0" hostname="Miguel-PC" name="recursos.DanzaResourceTest" skipped="0" tests="9" time="10.666" timestamp="2017-05-21T00:00:35">
  <properties>
[...]
</properties>
  <testcase classname="recursos.DanzaResourceTest" name="testModificarGrupoClase" time="5.597">
    <error message="&#xd;&#xa;Internal Exception: com.mysql.jdbc.exceptions.jdbc4.MySQLSyntaxErrorException: Unknown column &apos;porcentaje_ganancia_maestro&apos; in &apos;field list&apos;&#xd;&#xa;Error Code: 1054&#xd;&#xa;Call: SELECT id, activo, costo_mensual, fecha_termino, porcentaje_ganancia_maestro, terminado, idMaestro, idTipoDanza FROM grupoClase WHERE (id = ?)&#xd;&#xa;&#x9;bind =&gt; [1 parameter bound]&#xd;&#xa;Query: ReadObjectQuery(name=&quot;readGrupoClase&quot; referenceClass=GrupoClase sql=&quot;SELECT id, activo, costo_mensual, fecha_termino, porcentaje_ganancia_maestro, terminado, idMaestro, idTipoDanza FROM grupoClase WHERE (id = ?)&quot;)" type="org.eclipse.persistence.exceptions.DatabaseException">Local Exception Stack: 
Exception [EclipseLink-4002] (Eclipse Persistence Services - 2.5.2.v20140319-9ad6abd): org.eclipse.persistence.exceptions.DatabaseException
Internal Exception: com.mysql.jdbc.exceptions.jdbc4.MySQLSyntaxErrorException: Unknown column &apos;porcentaje_ganancia_maestro&apos; in &apos;field list&apos;
Error Code: 1054
Call: SELECT id, activo, costo_mensual, fecha_termino, porcentaje_ganancia_maestro, terminado, idMaestro, idTipoDanza FROM grupoClase WHERE (id = ?)
	bind =&gt; [1 parameter bound]
Query: ReadObjectQuery(name=&quot;readGrupoClase&quot; referenceClass=GrupoClase sql=&quot;SELECT id, activo, costo_mensual, fecha_termino, porcentaje_ganancia_maestro, terminado, idMaestro, idTipoDanza FROM grupoClase WHERE (id = ?)&quot;)
	at org.eclipse.persistence.exceptions.DatabaseException.sqlException(DatabaseException.java:340)
	at org.eclipse.persistence.internal.databaseaccess.DatabaseAccessor.basicExecuteCall(DatabaseAccessor.java:682)
	at org.eclipse.persistence.internal.databaseaccess.DatabaseAccessor.executeCall(DatabaseAccessor.java:558)
	at org.eclipse.persistence.internal.sessions.AbstractSession.basicExecuteCall(AbstractSession.java:2002)
	at org.eclipse.persistence.sessions.server.ServerSession.executeCall(ServerSession.java:570)
	at org.eclipse.persistence.internal.queries.DatasourceCallQueryMechanism.executeCall(DatasourceCallQueryMechanism.java:242)
	at org.eclipse.persistence.internal.queries.DatasourceCallQueryMechanism.executeCall(DatasourceCallQueryMechanism.java:228)
	at org.eclipse.persistence.internal.queries.DatasourceCallQueryMechanism.selectOneRow(DatasourceCallQueryMechanism.java:714)
	at org.eclipse.persistence.internal.queries.ExpressionQueryMechanism.selectOneRowFromTable(ExpressionQueryMechanism.java:2801)
	at org.eclipse.persistence.internal.queries.ExpressionQueryMechanism.selectOneRow(ExpressionQueryMechanism.java:2754)
	at org.eclipse.persistence.queries.ReadObjectQuery.executeObjectLevelReadQuery(ReadObjectQuery.java:545)
	at org.eclipse.persistence.queries.ObjectLevelReadQuery.executeDatabaseQuery(ObjectLevelReadQuery.java:1168)
	at org.eclipse.persistence.queries.DatabaseQuery.execute(DatabaseQuery.java:899)
	at org.eclipse.persistence.queries.ObjectLevelReadQuery.execute(ObjectLevelReadQuery.java:1127)
	at org.eclipse.persistence.queries.ReadObjectQuery.execute(ReadObjectQuery.java:431)
	at org.eclipse.persistence.queries.ObjectLevelReadQuery.executeInUnitOfWork(ObjectLevelReadQuery.java:1215)
	at org.eclipse.persistence.internal.sessions.UnitOfWorkImpl.internalExecuteQuery(UnitOfWorkImpl.java:2896)
	at org.eclipse.persistence.internal.sessions.AbstractSession.executeQuery(AbstractSession.java:1804)
	at org.eclipse.persistence.internal.sessions.AbstractSession.executeQuery(AbstractSession.java:1786)
	at org.eclipse.persistence.internal.sessions.AbstractSession.executeQuery(AbstractSession.java:1737)
	at org.eclipse.persistence.internal.jpa.EntityManagerImpl.executeQuery(EntityManagerImpl.java:900)
	at org.eclipse.persistence.internal.jpa.EntityManagerImpl.findInternal(EntityManagerImpl.java:843)
	at org.eclipse.persistence.internal.jpa.EntityManagerImpl.find(EntityManagerImpl.java:719)
	at org.eclipse.persistence.internal.jpa.EntityManagerImpl.find(EntityManagerImpl.java:588)
	at controladores.GrupoClaseJpaController.findGrupoClase(GrupoClaseJpaController.java:376)
	at recursos.DanzaResourceTest.testModificarGrupoClase(DanzaResourceTest.java:103)
Caused by: com.mysql.jdbc.exceptions.jdbc4.MySQLSyntaxErrorException: Unknown column &apos;porcentaje_ganancia_maestro&apos; in &apos;field list&apos;
	at java.lang.reflect.Constructor.newInstance(Constructor.java:408)
	at com.mysql.jdbc.Util.handleNewInstance(Util.java:411)
	at com.mysql.jdbc.Util.getInstance(Util.java:386)
	at com.mysql.jdbc.SQLError.createSQLException(SQLError.java:1053)
	at com.mysql.jdbc.MysqlIO.checkErrorPacket(MysqlIO.java:4120)
	at com.mysql.jdbc.MysqlIO.checkErrorPacket(MysqlIO.java:4052)
	at com.mysql.jdbc.MysqlIO.sendCommand(MysqlIO.java:2503)
	at com.mysql.jdbc.MysqlIO.sqlQueryDirect(MysqlIO.java:2664)
	at com.mysql.jdbc.ConnectionImpl.execSQL(ConnectionImpl.java:2794)
	at com.mysql.jdbc.PreparedStatement.executeInternal(PreparedStatement.java:2155)
	at com.mysql.jdbc.PreparedStatement.executeQuery(PreparedStatement.java:2322)
	at org.eclipse.persistence.internal.databaseaccess.DatabaseAccessor.executeSelect(DatabaseAccessor.java:1007)
	at org.eclipse.persistence.internal.databaseaccess.DatabaseAccessor.basicExecuteCall(DatabaseAccessor.java:642)
</error>
  </testcase>
  <testcase classname="recursos.DanzaResourceTest" name="testGetTiposDanza" time="0.155" />
  <testcase classname="recursos.DanzaResourceTest" name="testCrearGrupoClase" time="0.087">
    <error message="&#xd;&#xa;Internal Exception: com.mysql.jdbc.exceptions.jdbc4.MySQLSyntaxErrorException: Unknown column &apos;porcentaje_ganancia_maestro&apos; in &apos;field list&apos;&#xd;&#xa;Error Code: 1054&#xd;&#xa;Call: SELECT id, activo, costo_mensual, fecha_termino, porcentaje_ganancia_maestro, terminado, idMaestro, idTipoDanza FROM grupoClase WHERE (idTipoDanza = ?)&#xd;&#xa;&#x9;bind =&gt; [1 parameter bound]&#xd;&#xa;Query: ReadAllQuery(name=&quot;grupoClaseList&quot; referenceClass=GrupoClase sql=&quot;SELECT id, activo, costo_mensual, fecha_termino, porcentaje_ganancia_maestro, terminado, idMaestro, idTipoDanza FROM grupoClase WHERE (idTipoDanza = ?)&quot;)" type="org.eclipse.persistence.exceptions.DatabaseException">Local Exception Stack: 
Exception [EclipseLink-4002] (Eclipse Persistence Services - 2.5.2.v20140319-9ad6abd): org.eclipse.persistence.exceptions.DatabaseException
Internal Exception: com.mysql.jdbc.exceptions.jdbc4.MySQLSyntaxErrorException: Unknown column &apos;porcentaje_ganancia_maestro&apos; in &apos;field list&apos;
Error Code: 1054
Call: SELECT id, activo, costo_mensual, fecha_termino, porcentaje_ganancia_maestro, terminado, idMaestro, idTipoDanza FROM grupoClase WHERE (idTipoDanza = ?)
	bind =&gt; [1 parameter bound]
Query: ReadAllQuery(name=&quot;grupoClaseList&quot; referenceClass=GrupoClase sql=&quot;SELECT id, activo, costo_mensual, fecha_termino, porcentaje_ganancia_maestro, terminado, idMaestro, idTipoDanza FROM grupoClase WHERE (idTipoDanza = ?)&quot;)
	at org.eclipse.persistence.exceptions.DatabaseException.sqlException(DatabaseException.java:340)
	at org.eclipse.persistence.internal.databaseaccess.DatabaseAccessor.basicExecuteCall(DatabaseAccessor.java:682)
	at org.eclipse.persistence.internal.databaseaccess.DatabaseAccessor.executeCall(DatabaseAccessor.java:558)
	at org.eclipse.persistence.internal.sessions.AbstractSession.basicExecuteCall(AbstractSession.java:2002)
	at org.eclipse.persistence.sessions.server.ServerSession.executeCall(ServerSession.java:570)
	at org.eclipse.persistence.internal.queries.DatasourceCallQueryMechanism.executeCall(DatasourceCallQueryMechanism.java:242)
	at org.eclipse.persistence.internal.queries.DatasourceCallQueryMechanism.executeCall(DatasourceCallQueryMechanism.java:228)
	at org.eclipse.persistence.internal.queries.DatasourceCallQueryMechanism.executeSelectCall(DatasourceCallQueryMechanism.java:299)
	at org.eclipse.persistence.internal.queries.DatasourceCallQueryMechanism.selectAllRows(DatasourceCallQueryMechanism.java:694)
	at org.eclipse.persistence.internal.queries.ExpressionQueryMechanism.selectAllRowsFromTable(ExpressionQueryMechanism.java:2738)
	at org.eclipse.persistence.internal.queries.ExpressionQueryMechanism.selectAllRows(ExpressionQueryMechanism.java:2691)
	at org.eclipse.persistence.queries.ReadAllQuery.executeObjectLevelReadQuery(ReadAllQuery.java:495)
	at org.eclipse.persistence.queries.ObjectLevelReadQuery.executeDatabaseQuery(ObjectLevelReadQuery.java:1168)
	at org.eclipse.persistence.queries.DatabaseQuery.execute(DatabaseQuery.java:899)
	at org.eclipse.persistence.queries.ObjectLevelReadQuery.execute(ObjectLevelReadQuery.java:1127)
	at org.eclipse.persistence.queries.ReadAllQuery.execute(ReadAllQuery.java:403)
	at org.eclipse.persistence.internal.sessions.AbstractSession.internalExecuteQuery(AbstractSession.java:3214)
	at org.eclipse.persistence.internal.sessions.AbstractSession.executeQuery(AbstractSession.java:1804)
	at org.eclipse.persistence.internal.sessions.AbstractSession.executeQuery(AbstractSession.java:1786)
	at org.eclipse.persistence.internal.indirection.QueryBasedValueHolder.instantiate(QueryBasedValueHolder.java:129)
	at org.eclipse.persistence.internal.indirection.QueryBasedValueHolder.instantiate(QueryBasedValueHolder.java:116)
	at org.eclipse.persistence.internal.indirection.DatabaseValueHolder.getValue(DatabaseValueHolder.java:89)
	at org.eclipse.persistence.internal.indirection.UnitOfWorkValueHolder.instantiateImpl(UnitOfWorkValueHolder.java:173)
	at org.eclipse.persistence.internal.indirection.UnitOfWorkValueHolder.instantiate(UnitOfWorkValueHolder.java:234)
	at org.eclipse.persistence.internal.indirection.DatabaseValueHolder.getValue(DatabaseValueHolder.java:89)
	at org.eclipse.persistence.indirection.IndirectList.buildDelegate(IndirectList.java:252)
	at org.eclipse.persistence.indirection.IndirectList.getDelegate(IndirectList.java:423)
	at org.eclipse.persistence.indirection.IndirectList.add(IndirectList.java:200)
	at controladores.GrupoClaseJpaController.create(GrupoClaseJpaController.java:99)
	at recursos.DanzaResource.crearGrupoClase(DanzaResource.java:78)
	at recursos.DanzaResourceTest.testCrearGrupoClase(DanzaResourceTest.java:94)
Caused by: com.mysql.jdbc.exceptions.jdbc4.MySQLSyntaxErrorException: Unknown column &apos;porcentaje_ganancia_maestro&apos; in &apos;field list&apos;
	at java.lang.reflect.Constructor.newInstance(Constructor.java:408)
	at com.mysql.jdbc.Util.handleNewInstance(Util.java:411)
	at com.mysql.jdbc.Util.getInstance(Util.java:386)
	at com.mysql.jdbc.SQLError.createSQLException(SQLError.java:1053)
	at com.mysql.jdbc.MysqlIO.checkErrorPacket(MysqlIO.java:4120)
	at com.mysql.jdbc.MysqlIO.checkErrorPacket(MysqlIO.java:4052)
	at com.mysql.jdbc.MysqlIO.sendCommand(MysqlIO.java:2503)
	at com.mysql.jdbc.MysqlIO.sqlQueryDirect(MysqlIO.java:2664)
	at com.mysql.jdbc.ConnectionImpl.execSQL(ConnectionImpl.java:2794)
	at com.mysql.jdbc.PreparedStatement.executeInternal(PreparedStatement.java:2155)
	at com.mysql.jdbc.PreparedStatement.executeQuery(PreparedStatement.java:2322)
	at org.eclipse.persistence.internal.databaseaccess.DatabaseAccessor.executeSelect(DatabaseAccessor.java:1007)
	at org.eclipse.persistence.internal.databaseaccess.DatabaseAccessor.basicExecuteCall(DatabaseAccessor.java:642)
</error>
  </testcase>
  <testcase classname="recursos.DanzaResourceTest" name="testGetGruposClase" time="0.064">
    <error message="Exception [EclipseLink-4002] (Eclipse Persistence Services - 2.5.2.v20140319-9ad6abd): org.eclipse.persistence.exceptions.DatabaseException&#xd;&#xa;Internal Exception: com.mysql.jdbc.exceptions.jdbc4.MySQLSyntaxErrorException: Unknown column &apos;porcentaje_ganancia_maestro&apos; in &apos;field list&apos;&#xd;&#xa;Error Code: 1054&#xd;&#xa;Call: SELECT id, activo, costo_mensual, fecha_termino, porcentaje_ganancia_maestro, terminado, idMaestro, idTipoDanza FROM grupoClase&#xd;&#xa;Query: ReadAllQuery(referenceClass=GrupoClase sql=&quot;SELECT id, activo, costo_mensual, fecha_termino, porcentaje_ganancia_maestro, terminado, idMaestro, idTipoDanza FROM grupoClase&quot;)" type="javax.persistence.PersistenceException">javax.persistence.PersistenceException: Exception [EclipseLink-4002] (Eclipse Persistence Services - 2.5.2.v20140319-9ad6abd): org.eclipse.persistence.exceptions.DatabaseException
Internal Exception: com.mysql.jdbc.exceptions.jdbc4.MySQLSyntaxErrorException: Unknown column &apos;porcentaje_ganancia_maestro&apos; in &apos;field list&apos;
Error Code: 1054
Call: SELECT id, activo, costo_mensual, fecha_termino, porcentaje_ganancia_maestro, terminado, idMaestro, idTipoDanza FROM grupoClase
Query: ReadAllQuery(referenceClass=GrupoClase sql=&quot;SELECT id, activo, costo_mensual, fecha_termino, porcentaje_ganancia_maestro, terminado, idMaestro, idTipoDanza FROM grupoClase&quot;)
	at org.eclipse.persistence.internal.jpa.QueryImpl.getDetailedException(QueryImpl.java:378)
	at org.eclipse.persistence.internal.jpa.QueryImpl.executeReadQuery(QueryImpl.java:260)
	at org.eclipse.persistence.internal.jpa.QueryImpl.getResultList(QueryImpl.java:469)
	at controladores.GrupoClaseJpaController.findGrupoClaseEntities(GrupoClaseJpaController.java:367)
	at controladores.GrupoClaseJpaController.findGrupoClaseEntities(GrupoClaseJpaController.java:350)
	at recursos.DanzaResource.getGruposClase(DanzaResource.java:105)
	at recursos.DanzaResourceTest.testGetGruposClase(DanzaResourceTest.java:128)
Caused by: Exception [EclipseLink-4002] (Eclipse Persistence Services - 2.5.2.v20140319-9ad6abd): org.eclipse.persistence.exceptions.DatabaseException
Internal Exception: com.mysql.jdbc.exceptions.jdbc4.MySQLSyntaxErrorException: Unknown column &apos;porcentaje_ganancia_maestro&apos; in &apos;field list&apos;
Error Code: 1054
Call: SELECT id, activo, costo_mensual, fecha_termino, porcentaje_ganancia_maestro, terminado, idMaestro, idTipoDanza FROM grupoClase
Query: ReadAllQuery(referenceClass=GrupoClase sql=&quot;SELECT id, activo, costo_mensual, fecha_termino, porcentaje_ganancia_maestro, terminado, idMaestro, idTipoDanza FROM grupoClase&quot;)
	at org.eclipse.persistence.exceptions.DatabaseException.sqlException(DatabaseException.java:340)
	at org.eclipse.persistence.internal.databaseaccess.DatabaseAccessor.basicExecuteCall(DatabaseAccessor.java:682)
	at org.eclipse.persistence.internal.databaseaccess.DatabaseAccessor.executeCall(DatabaseAccessor.java:558)
	at org.eclipse.persistence.internal.sessions.AbstractSession.basicExecuteCall(AbstractSession.java:2002)
	at org.eclipse.persistence.sessions.server.ServerSession.executeCall(ServerSession.java:570)
	at org.eclipse.persistence.internal.queries.DatasourceCallQueryMechanism.executeCall(DatasourceCallQueryMechanism.java:242)
	at org.eclipse.persistence.internal.queries.DatasourceCallQueryMechanism.executeCall(DatasourceCallQueryMechanism.java:228)
	at org.eclipse.persistence.internal.queries.DatasourceCallQueryMechanism.executeSelectCall(DatasourceCallQueryMechanism.java:299)
	at org.eclipse.persistence.internal.queries.DatasourceCallQueryMechanism.selectAllRows(DatasourceCallQueryMechanism.java:694)
	at org.eclipse.persistence.internal.queries.ExpressionQueryMechanism.selectAllRowsFromTable(ExpressionQueryMechanism.java:2738)
	at org.eclipse.persistence.internal.queries.ExpressionQueryMechanism.selectAllRows(ExpressionQueryMechanism.java:2691)
	at org.eclipse.persistence.queries.ReadAllQuery.executeObjectLevelReadQuery(ReadAllQuery.java:495)
	at org.eclipse.persistence.queries.ObjectLevelReadQuery.executeDatabaseQuery(ObjectLevelReadQuery.java:1168)
	at org.eclipse.persistence.queries.DatabaseQuery.execute(DatabaseQuery.java:899)
	at org.eclipse.persistence.queries.ObjectLevelReadQuery.execute(ObjectLevelReadQuery.java:1127)
	at org.eclipse.persistence.queries.ReadAllQuery.execute(ReadAllQuery.java:403)
	at org.eclipse.persistence.queries.ObjectLevelReadQuery.executeInUnitOfWork(ObjectLevelReadQuery.java:1215)
	at org.eclipse.persistence.internal.sessions.UnitOfWorkImpl.internalExecuteQuery(UnitOfWorkImpl.java:2896)
	at org.eclipse.persistence.internal.sessions.AbstractSession.executeQuery(AbstractSession.java:1804)
	at org.eclipse.persistence.internal.sessions.AbstractSession.executeQuery(AbstractSession.java:1786)
	at org.eclipse.persistence.internal.sessions.AbstractSession.executeQuery(AbstractSession.java:1751)
	at org.eclipse.persistence.internal.jpa.QueryImpl.executeReadQuery(QueryImpl.java:258)
Caused by: com.mysql.jdbc.exceptions.jdbc4.MySQLSyntaxErrorException: Unknown column &apos;porcentaje_ganancia_maestro&apos; in &apos;field list&apos;
	at java.lang.reflect.Constructor.newInstance(Constructor.java:408)
	at com.mysql.jdbc.Util.handleNewInstance(Util.java:411)
	at com.mysql.jdbc.Util.getInstance(Util.java:386)
	at com.mysql.jdbc.SQLError.createSQLException(SQLError.java:1053)
	at com.mysql.jdbc.MysqlIO.checkErrorPacket(MysqlIO.java:4120)
	at com.mysql.jdbc.MysqlIO.checkErrorPacket(MysqlIO.java:4052)
	at com.mysql.jdbc.MysqlIO.sendCommand(MysqlIO.java:2503)
	at com.mysql.jdbc.MysqlIO.sqlQueryDirect(MysqlIO.java:2664)
	at com.mysql.jdbc.ConnectionImpl.execSQL(ConnectionImpl.java:2794)
	at com.mysql.jdbc.PreparedStatement.executeInternal(PreparedStatement.java:2155)
	at com.mysql.jdbc.PreparedStatement.executeQuery(PreparedStatement.java:2322)
	at org.eclipse.persistence.internal.databaseaccess.DatabaseAccessor.executeSelect(DatabaseAccessor.java:1007)
	at org.eclipse.persistence.internal.databaseaccess.DatabaseAccessor.basicExecuteCall(DatabaseAccessor.java:642)
</error>
  </testcase>
  <testcase classname="recursos.DanzaResourceTest" name="testGetGrupoClase" time="0.055">
    <error message="&#xd;&#xa;Internal Exception: com.mysql.jdbc.exceptions.jdbc4.MySQLSyntaxErrorException: Unknown column &apos;porcentaje_ganancia_maestro&apos; in &apos;field list&apos;&#xd;&#xa;Error Code: 1054&#xd;&#xa;Call: SELECT id, activo, costo_mensual, fecha_termino, porcentaje_ganancia_maestro, terminado, idMaestro, idTipoDanza FROM grupoClase WHERE (id = ?)&#xd;&#xa;&#x9;bind =&gt; [1 parameter bound]&#xd;&#xa;Query: ReadObjectQuery(name=&quot;readGrupoClase&quot; referenceClass=GrupoClase sql=&quot;SELECT id, activo, costo_mensual, fecha_termino, porcentaje_ganancia_maestro, terminado, idMaestro, idTipoDanza FROM grupoClase WHERE (id = ?)&quot;)" type="org.eclipse.persistence.exceptions.DatabaseException">Local Exception Stack: 
Exception [EclipseLink-4002] (Eclipse Persistence Services - 2.5.2.v20140319-9ad6abd): org.eclipse.persistence.exceptions.DatabaseException
Internal Exception: com.mysql.jdbc.exceptions.jdbc4.MySQLSyntaxErrorException: Unknown column &apos;porcentaje_ganancia_maestro&apos; in &apos;field list&apos;
Error Code: 1054
Call: SELECT id, activo, costo_mensual, fecha_termino, porcentaje_ganancia_maestro, terminado, idMaestro, idTipoDanza FROM grupoClase WHERE (id = ?)
	bind =&gt; [1 parameter bound]
Query: ReadObjectQuery(name=&quot;readGrupoClase&quot; referenceClass=GrupoClase sql=&quot;SELECT id, activo, costo_mensual, fecha_termino, porcentaje_ganancia_maestro, terminado, idMaestro, idTipoDanza FROM grupoClase WHERE (id = ?)&quot;)
	at org.eclipse.persistence.exceptions.DatabaseException.sqlException(DatabaseException.java:340)
	at org.eclipse.persistence.internal.databaseaccess.DatabaseAccessor.basicExecuteCall(DatabaseAccessor.java:682)
	at org.eclipse.persistence.internal.databaseaccess.DatabaseAccessor.executeCall(DatabaseAccessor.java:558)
	at org.eclipse.persistence.internal.sessions.AbstractSession.basicExecuteCall(AbstractSession.java:2002)
	at org.eclipse.persistence.sessions.server.ServerSession.executeCall(ServerSession.java:570)
	at org.eclipse.persistence.internal.queries.DatasourceCallQueryMechanism.executeCall(DatasourceCallQueryMechanism.java:242)
	at org.eclipse.persistence.internal.queries.DatasourceCallQueryMechanism.executeCall(DatasourceCallQueryMechanism.java:228)
	at org.eclipse.persistence.internal.queries.DatasourceCallQueryMechanism.selectOneRow(DatasourceCallQueryMechanism.java:714)
	at org.eclipse.persistence.internal.queries.ExpressionQueryMechanism.selectOneRowFromTable(ExpressionQueryMechanism.java:2801)
	at org.eclipse.persistence.internal.queries.ExpressionQueryMechanism.selectOneRow(ExpressionQueryMechanism.java:2754)
	at org.eclipse.persistence.queries.ReadObjectQuery.executeObjectLevelReadQuery(ReadObjectQuery.java:545)
	at org.eclipse.persistence.queries.ObjectLevelReadQuery.executeDatabaseQuery(ObjectLevelReadQuery.java:1168)
	at org.eclipse.persistence.queries.DatabaseQuery.execute(DatabaseQuery.java:899)
	at org.eclipse.persistence.queries.ObjectLevelReadQuery.execute(ObjectLevelReadQuery.java:1127)
	at org.eclipse.persistence.queries.ReadObjectQuery.execute(ReadObjectQuery.java:431)
	at org.eclipse.persistence.queries.ObjectLevelReadQuery.executeInUnitOfWork(ObjectLevelReadQuery.java:1215)
	at org.eclipse.persistence.internal.sessions.UnitOfWorkImpl.internalExecuteQuery(UnitOfWorkImpl.java:2896)
	at org.eclipse.persistence.internal.sessions.AbstractSession.executeQuery(AbstractSession.java:1804)
	at org.eclipse.persistence.internal.sessions.AbstractSession.executeQuery(AbstractSession.java:1786)
	at org.eclipse.persistence.internal.sessions.AbstractSession.executeQuery(AbstractSession.java:1737)
	at org.eclipse.persistence.internal.jpa.EntityManagerImpl.executeQuery(EntityManagerImpl.java:900)
	at org.eclipse.persistence.internal.jpa.EntityManagerImpl.findInternal(EntityManagerImpl.java:843)
	at org.eclipse.persistence.internal.jpa.EntityManagerImpl.find(EntityManagerImpl.java:719)
	at org.eclipse.persistence.internal.jpa.EntityManagerImpl.find(EntityManagerImpl.java:588)
	at controladores.GrupoClaseJpaController.findGrupoClase(GrupoClaseJpaController.java:376)
	at recursos.DanzaResource.getGrupoClase(DanzaResource.java:109)
	at recursos.DanzaResourceTest.testGetGrupoClase(DanzaResourceTest.java:137)
Caused by: com.mysql.jdbc.exceptions.jdbc4.MySQLSyntaxErrorException: Unknown column &apos;porcentaje_ganancia_maestro&apos; in &apos;field list&apos;
	at java.lang.reflect.Constructor.newInstance(Constructor.java:408)
	at com.mysql.jdbc.Util.handleNewInstance(Util.java:411)
	at com.mysql.jdbc.Util.getInstance(Util.java:386)
	at com.mysql.jdbc.SQLError.createSQLException(SQLError.java:1053)
	at com.mysql.jdbc.MysqlIO.checkErrorPacket(MysqlIO.java:4120)
	at com.mysql.jdbc.MysqlIO.checkErrorPacket(MysqlIO.java:4052)
	at com.mysql.jdbc.MysqlIO.sendCommand(MysqlIO.java:2503)
	at com.mysql.jdbc.MysqlIO.sqlQueryDirect(MysqlIO.java:2664)
	at com.mysql.jdbc.ConnectionImpl.execSQL(ConnectionImpl.java:2794)
	at com.mysql.jdbc.PreparedStatement.executeInternal(PreparedStatement.java:2155)
	at com.mysql.jdbc.PreparedStatement.executeQuery(PreparedStatement.java:2322)
	at org.eclipse.persistence.internal.databaseaccess.DatabaseAccessor.executeSelect(DatabaseAccessor.java:1007)
	at org.eclipse.persistence.internal.databaseaccess.DatabaseAccessor.basicExecuteCall(DatabaseAccessor.java:642)
</error>
  </testcase>
  <testcase classname="recursos.DanzaResourceTest" name="testEliminarGrupoClase" time="0.017">
    <error message="&#xd;&#xa;Internal Exception: com.mysql.jdbc.exceptions.jdbc4.MySQLSyntaxErrorException: Unknown column &apos;porcentaje_ganancia_maestro&apos; in &apos;field list&apos;&#xd;&#xa;Error Code: 1054&#xd;&#xa;Call: SELECT id, activo, costo_mensual, fecha_termino, porcentaje_ganancia_maestro, terminado, idMaestro, idTipoDanza FROM grupoClase WHERE (id = ?)&#xd;&#xa;&#x9;bind =&gt; [1 parameter bound]&#xd;&#xa;Query: ReadObjectQuery(name=&quot;readGrupoClase&quot; referenceClass=GrupoClase sql=&quot;SELECT id, activo, costo_mensual, fecha_termino, porcentaje_ganancia_maestro, terminado, idMaestro, idTipoDanza FROM grupoClase WHERE (id = ?)&quot;)" type="org.eclipse.persistence.exceptions.DatabaseException">Local Exception Stack: 
Exception [EclipseLink-4002] (Eclipse Persistence Services - 2.5.2.v20140319-9ad6abd): org.eclipse.persistence.exceptions.DatabaseException
Internal Exception: com.mysql.jdbc.exceptions.jdbc4.MySQLSyntaxErrorException: Unknown column &apos;porcentaje_ganancia_maestro&apos; in &apos;field list&apos;
Error Code: 1054
Call: SELECT id, activo, costo_mensual, fecha_termino, porcentaje_ganancia_maestro, terminado, idMaestro, idTipoDanza FROM grupoClase WHERE (id = ?)
	bind =&gt; [1 parameter bound]
Query: ReadObjectQuery(name=&quot;readGrupoClase&quot; referenceClass=GrupoClase sql=&quot;SELECT id, activo, costo_mensual, fecha_termino, porcentaje_ganancia_maestro, terminado, idMaestro, idTipoDanza FROM grupoClase WHERE (id = ?)&quot;)
	at org.eclipse.persistence.exceptions.DatabaseException.sqlException(DatabaseException.java:340)
	at org.eclipse.persistence.internal.databaseaccess.DatabaseAccessor.basicExecuteCall(DatabaseAccessor.java:682)
	at org.eclipse.persistence.internal.databaseaccess.DatabaseAccessor.executeCall(DatabaseAccessor.java:558)
	at org.eclipse.persistence.internal.sessions.AbstractSession.basicExecuteCall(AbstractSession.java:2002)
	at org.eclipse.persistence.sessions.server.ServerSession.executeCall(ServerSession.java:570)
	at org.eclipse.persistence.internal.queries.DatasourceCallQueryMechanism.executeCall(DatasourceCallQueryMechanism.java:242)
	at org.eclipse.persistence.internal.queries.DatasourceCallQueryMechanism.executeCall(DatasourceCallQueryMechanism.java:228)
	at org.eclipse.persistence.internal.queries.DatasourceCallQueryMechanism.selectOneRow(DatasourceCallQueryMechanism.java:714)
	at org.eclipse.persistence.internal.queries.ExpressionQueryMechanism.selectOneRowFromTable(ExpressionQueryMechanism.java:2801)
	at org.eclipse.persistence.internal.queries.ExpressionQueryMechanism.selectOneRow(ExpressionQueryMechanism.java:2754)
	at org.eclipse.persistence.queries.ReadObjectQuery.executeObjectLevelReadQuery(ReadObjectQuery.java:545)
	at org.eclipse.persistence.queries.ObjectLevelReadQuery.executeDatabaseQuery(ObjectLevelReadQuery.java:1168)
	at org.eclipse.persistence.queries.DatabaseQuery.execute(DatabaseQuery.java:899)
	at org.eclipse.persistence.queries.ObjectLevelReadQuery.execute(ObjectLevelReadQuery.java:1127)
	at org.eclipse.persistence.queries.ReadObjectQuery.execute(ReadObjectQuery.java:431)
	at org.eclipse.persistence.queries.ObjectLevelReadQuery.executeInUnitOfWork(ObjectLevelReadQuery.java:1215)
	at org.eclipse.persistence.internal.sessions.UnitOfWorkImpl.internalExecuteQuery(UnitOfWorkImpl.java:2896)
	at org.eclipse.persistence.internal.sessions.AbstractSession.executeQuery(AbstractSession.java:1804)
	at org.eclipse.persistence.internal.sessions.AbstractSession.executeQuery(AbstractSession.java:1786)
	at org.eclipse.persistence.internal.sessions.AbstractSession.executeQuery(AbstractSession.java:1737)
	at org.eclipse.persistence.internal.jpa.EntityManagerImpl.executeQuery(EntityManagerImpl.java:900)
	at org.eclipse.persistence.internal.jpa.EntityManagerImpl.findInternal(EntityManagerImpl.java:843)
	at org.eclipse.persistence.internal.jpa.EntityManagerImpl.find(EntityManagerImpl.java:719)
	at org.eclipse.persistence.internal.jpa.EntityManagerImpl.find(EntityManagerImpl.java:588)
	at controladores.GrupoClaseJpaController.findGrupoClase(GrupoClaseJpaController.java:376)
	at recursos.DanzaResourceTest.testEliminarGrupoClase(DanzaResourceTest.java:117)
Caused by: com.mysql.jdbc.exceptions.jdbc4.MySQLSyntaxErrorException: Unknown column &apos;porcentaje_ganancia_maestro&apos; in &apos;field list&apos;
	at java.lang.reflect.Constructor.newInstance(Constructor.java:408)
	at com.mysql.jdbc.Util.handleNewInstance(Util.java:411)
	at com.mysql.jdbc.Util.getInstance(Util.java:386)
	at com.mysql.jdbc.SQLError.createSQLException(SQLError.java:1053)
	at com.mysql.jdbc.MysqlIO.checkErrorPacket(MysqlIO.java:4120)
	at com.mysql.jdbc.MysqlIO.checkErrorPacket(MysqlIO.java:4052)
	at com.mysql.jdbc.MysqlIO.sendCommand(MysqlIO.java:2503)
	at com.mysql.jdbc.MysqlIO.sqlQueryDirect(MysqlIO.java:2664)
	at com.mysql.jdbc.ConnectionImpl.execSQL(ConnectionImpl.java:2794)
	at com.mysql.jdbc.PreparedStatement.executeInternal(PreparedStatement.java:2155)
	at com.mysql.jdbc.PreparedStatement.executeQuery(PreparedStatement.java:2322)
	at org.eclipse.persistence.internal.databaseaccess.DatabaseAccessor.executeSelect(DatabaseAccessor.java:1007)
	at org.eclipse.persistence.internal.databaseaccess.DatabaseAccessor.basicExecuteCall(DatabaseAccessor.java:642)
</error>
  </testcase>
  <testcase classname="recursos.DanzaResourceTest" name="testEliminarDanza" time="0.176" />
  <testcase classname="recursos.DanzaResourceTest" name="testModificarDanza" time="0.126" />
  <testcase classname="recursos.DanzaResourceTest" name="testCrearDanza" time="0.148" />
  <system-out><![CDATA[modificarGrupoClase
[EL Info]: 2017-05-20 19:00:42.242--ServerSession(1204030294)--EclipseLink, version: Eclipse Persistence Services - 2.5.2.v20140319-9ad6abd
[EL Info]: connection: 2017-05-20 19:00:44.631--ServerSession(1204030294)--file:/C:/Users/nosel_000/Documents/uni/Sexto/Desarrollo de software/Codigo/MiAMiCore/build/classes/_MiAMiCorePU login successful
[EL Warning]: 2017-05-20 19:00:45.049--UnitOfWork(1657920572)--Exception [EclipseLink-4002] (Eclipse Persistence Services - 2.5.2.v20140319-9ad6abd): org.eclipse.persistence.exceptions.DatabaseException
Internal Exception: com.mysql.jdbc.exceptions.jdbc4.MySQLSyntaxErrorException: Unknown column 'porcentaje_ganancia_maestro' in 'field list'
Error Code: 1054
Call: SELECT id, activo, costo_mensual, fecha_termino, porcentaje_ganancia_maestro, terminado, idMaestro, idTipoDanza FROM grupoClase WHERE (id = ?)
	bind => [1 parameter bound]
Query: ReadObjectQuery(name="readGrupoClase" referenceClass=GrupoClase sql="SELECT id, activo, costo_mensual, fecha_termino, porcentaje_ganancia_maestro, terminado, idMaestro, idTipoDanza FROM grupoClase WHERE (id = ?)")
getTiposDanza
crearGrupoClase
[EL Warning]: 2017-05-20 19:00:45.454--ServerSession(1204030294)--Exception [EclipseLink-4002] (Eclipse Persistence Services - 2.5.2.v20140319-9ad6abd): org.eclipse.persistence.exceptions.DatabaseException
Internal Exception: com.mysql.jdbc.exceptions.jdbc4.MySQLSyntaxErrorException: Unknown column 'porcentaje_ganancia_maestro' in 'field list'
Error Code: 1054
Call: SELECT id, activo, costo_mensual, fecha_termino, porcentaje_ganancia_maestro, terminado, idMaestro, idTipoDanza FROM grupoClase WHERE (idTipoDanza = ?)
	bind => [1 parameter bound]
Query: ReadAllQuery(name="grupoClaseList" referenceClass=GrupoClase sql="SELECT id, activo, costo_mensual, fecha_termino, porcentaje_ganancia_maestro, terminado, idMaestro, idTipoDanza FROM grupoClase WHERE (idTipoDanza = ?)")
getGruposClase
[EL Warning]: 2017-05-20 19:00:45.605--UnitOfWork(1969925628)--Exception [EclipseLink-4002] (Eclipse Persistence Services - 2.5.2.v20140319-9ad6abd): org.eclipse.persistence.exceptions.DatabaseException
Internal Exception: com.mysql.jdbc.exceptions.jdbc4.MySQLSyntaxErrorException: Unknown column 'porcentaje_ganancia_maestro' in 'field list'
Error Code: 1054
Call: SELECT id, activo, costo_mensual, fecha_termino, porcentaje_ganancia_maestro, terminado, idMaestro, idTipoDanza FROM grupoClase
Query: ReadAllQuery(referenceClass=GrupoClase sql="SELECT id, activo, costo_mensual, fecha_termino, porcentaje_ganancia_maestro, terminado, idMaestro, idTipoDanza FROM grupoClase")
getGrupoClase
[EL Warning]: 2017-05-20 19:00:45.717--UnitOfWork(1942211849)--Exception [EclipseLink-4002] (Eclipse Persistence Services - 2.5.2.v20140319-9ad6abd): org.eclipse.persistence.exceptions.DatabaseException
Internal Exception: com.mysql.jdbc.exceptions.jdbc4.MySQLSyntaxErrorException: Unknown column 'porcentaje_ganancia_maestro' in 'field list'
Error Code: 1054
Call: SELECT id, activo, costo_mensual, fecha_termino, porcentaje_ganancia_maestro, terminado, idMaestro, idTipoDanza FROM grupoClase WHERE (id = ?)
	bind => [1 parameter bound]
Query: ReadObjectQuery(name="readGrupoClase" referenceClass=GrupoClase sql="SELECT id, activo, costo_mensual, fecha_termino, porcentaje_ganancia_maestro, terminado, idMaestro, idTipoDanza FROM grupoClase WHERE (id = ?)")
eliminarGrupoClase
[EL Warning]: 2017-05-20 19:00:45.779--UnitOfWork(1551760389)--Exception [EclipseLink-4002] (Eclipse Persistence Services - 2.5.2.v20140319-9ad6abd): org.eclipse.persistence.exceptions.DatabaseException
Internal Exception: com.mysql.jdbc.exceptions.jdbc4.MySQLSyntaxErrorException: Unknown column 'porcentaje_ganancia_maestro' in 'field list'
Error Code: 1054
Call: SELECT id, activo, costo_mensual, fecha_termino, porcentaje_ganancia_maestro, terminado, idMaestro, idTipoDanza FROM grupoClase WHERE (id = ?)
	bind => [1 parameter bound]
Query: ReadObjectQuery(name="readGrupoClase" referenceClass=GrupoClase sql="SELECT id, activo, costo_mensual, fecha_termino, porcentaje_ganancia_maestro, terminado, idMaestro, idTipoDanza FROM grupoClase WHERE (id = ?)")
eliminarDanza
[EL Warning]: 2017-05-20 19:00:45.917--ServerSession(1204030294)--Exception [EclipseLink-4002] (Eclipse Persistence Services - 2.5.2.v20140319-9ad6abd): org.eclipse.persistence.exceptions.DatabaseException
Internal Exception: com.mysql.jdbc.exceptions.jdbc4.MySQLSyntaxErrorException: Unknown column 'porcentaje_ganancia_maestro' in 'field list'
Error Code: 1054
Call: SELECT id, activo, costo_mensual, fecha_termino, porcentaje_ganancia_maestro, terminado, idMaestro, idTipoDanza FROM grupoClase WHERE (idTipoDanza = ?)
	bind => [1 parameter bound]
Query: ReadAllQuery(name="grupoClaseList" referenceClass=GrupoClase sql="SELECT id, activo, costo_mensual, fecha_termino, porcentaje_ganancia_maestro, terminado, idMaestro, idTipoDanza FROM grupoClase WHERE (idTipoDanza = ?)")
modificarDanza
[EL Warning]: 2017-05-20 19:00:46.173--ServerSession(1204030294)--Exception [EclipseLink-4002] (Eclipse Persistence Services - 2.5.2.v20140319-9ad6abd): org.eclipse.persistence.exceptions.DatabaseException
Internal Exception: com.mysql.jdbc.exceptions.jdbc4.MySQLSyntaxErrorException: Unknown column 'porcentaje_ganancia_maestro' in 'field list'
Error Code: 1054
Call: SELECT id, activo, costo_mensual, fecha_termino, porcentaje_ganancia_maestro, terminado, idMaestro, idTipoDanza FROM grupoClase WHERE (idTipoDanza = ?)
	bind => [1 parameter bound]
Query: ReadAllQuery(name="grupoClaseList" referenceClass=GrupoClase sql="SELECT id, activo, costo_mensual, fecha_termino, porcentaje_ganancia_maestro, terminado, idMaestro, idTipoDanza FROM grupoClase WHERE (idTipoDanza = ?)")
crearDanza
]]></system-out>
  <system-err><![CDATA[may 20, 2017 7:00:45 PM recursos.DanzaResource modificarDanza
GRAVE: null
Local Exception Stack: 
Exception [EclipseLink-4002] (Eclipse Persistence Services - 2.5.2.v20140319-9ad6abd): org.eclipse.persistence.exceptions.DatabaseException
Internal Exception: com.mysql.jdbc.exceptions.jdbc4.MySQLSyntaxErrorException: Unknown column 'porcentaje_ganancia_maestro' in 'field list'
Error Code: 1054
Call: SELECT id, activo, costo_mensual, fecha_termino, porcentaje_ganancia_maestro, terminado, idMaestro, idTipoDanza FROM grupoClase WHERE (idTipoDanza = ?)
	bind => [1 parameter bound]
Query: ReadAllQuery(name="grupoClaseList" referenceClass=GrupoClase sql="SELECT id, activo, costo_mensual, fecha_termino, porcentaje_ganancia_maestro, terminado, idMaestro, idTipoDanza FROM grupoClase WHERE (idTipoDanza = ?)")
	at org.eclipse.persistence.exceptions.DatabaseException.sqlException(DatabaseException.java:340)
	at org.eclipse.persistence.internal.databaseaccess.DatabaseAccessor.basicExecuteCall(DatabaseAccessor.java:682)
	at org.eclipse.persistence.internal.databaseaccess.DatabaseAccessor.executeCall(DatabaseAccessor.java:558)
	at org.eclipse.persistence.internal.sessions.AbstractSession.basicExecuteCall(AbstractSession.java:2002)
	at org.eclipse.persistence.sessions.server.ServerSession.executeCall(ServerSession.java:570)
	at org.eclipse.persistence.internal.queries.DatasourceCallQueryMechanism.executeCall(DatasourceCallQueryMechanism.java:242)
	at org.eclipse.persistence.internal.queries.DatasourceCallQueryMechanism.executeCall(DatasourceCallQueryMechanism.java:228)
	at org.eclipse.persistence.internal.queries.DatasourceCallQueryMechanism.executeSelectCall(DatasourceCallQueryMechanism.java:299)
	at org.eclipse.persistence.internal.queries.DatasourceCallQueryMechanism.selectAllRows(DatasourceCallQueryMechanism.java:694)
	at org.eclipse.persistence.internal.queries.ExpressionQueryMechanism.selectAllRowsFromTable(ExpressionQueryMechanism.java:2738)
	at org.eclipse.persistence.internal.queries.ExpressionQueryMechanism.selectAllRows(ExpressionQueryMechanism.java:2691)
	at org.eclipse.persistence.queries.ReadAllQuery.executeObjectLevelReadQuery(ReadAllQuery.java:495)
	at org.eclipse.persistence.queries.ObjectLevelReadQuery.executeDatabaseQuery(ObjectLevelReadQuery.java:1168)
	at org.eclipse.persistence.queries.DatabaseQuery.execute(DatabaseQuery.java:899)
	at org.eclipse.persistence.queries.ObjectLevelReadQuery.execute(ObjectLevelReadQuery.java:1127)
	at org.eclipse.persistence.queries.ReadAllQuery.execute(ReadAllQuery.java:403)
	at org.eclipse.persistence.internal.sessions.AbstractSession.internalExecuteQuery(AbstractSession.java:3214)
	at org.eclipse.persistence.internal.sessions.AbstractSession.executeQuery(AbstractSession.java:1804)
	at org.eclipse.persistence.internal.sessions.AbstractSession.executeQuery(AbstractSession.java:1786)
	at org.eclipse.persistence.internal.indirection.QueryBasedValueHolder.instantiate(QueryBasedValueHolder.java:129)
	at org.eclipse.persistence.internal.indirection.QueryBasedValueHolder.instantiate(QueryBasedValueHolder.java:116)
	at org.eclipse.persistence.internal.indirection.DatabaseValueHolder.getValue(DatabaseValueHolder.java:89)
	at org.eclipse.persistence.internal.indirection.UnitOfWorkValueHolder.instantiateImpl(UnitOfWorkValueHolder.java:173)
	at org.eclipse.persistence.internal.indirection.UnitOfWorkValueHolder.instantiate(UnitOfWorkValueHolder.java:234)
	at org.eclipse.persistence.internal.indirection.DatabaseValueHolder.getValue(DatabaseValueHolder.java:89)
	at org.eclipse.persistence.indirection.IndirectList.buildDelegate(IndirectList.java:252)
	at org.eclipse.persistence.indirection.IndirectList.getDelegate(IndirectList.java:423)
	at org.eclipse.persistence.indirection.IndirectList$1.<init>(IndirectList.java:551)
	at org.eclipse.persistence.indirection.IndirectList.listIterator(IndirectList.java:550)
	at org.eclipse.persistence.indirection.IndirectList.iterator(IndirectList.java:514)
	at controladores.TipoDanzaJpaController.edit(TipoDanzaJpaController.java:78)
	at recursos.DanzaResource.modificarDanza(DanzaResource.java:37)
	at recursos.DanzaResource.eliminarDanza(DanzaResource.java:48)
	at recursos.DanzaResourceTest.testEliminarDanza(DanzaResourceTest.java:75)
	at sun.reflect.NativeMethodAccessorImpl.invoke0(Native Method)
	at sun.reflect.NativeMethodAccessorImpl.invoke(NativeMethodAccessorImpl.java:62)
	at sun.reflect.DelegatingMethodAccessorImpl.invoke(DelegatingMethodAccessorImpl.java:43)
	at java.lang.reflect.Method.invoke(Method.java:483)
	at org.junit.runners.model.FrameworkMethod$1.runReflectiveCall(FrameworkMethod.java:45)
	at org.junit.internal.runners.model.ReflectiveCallable.run(ReflectiveCallable.java:15)
	at org.junit.runners.model.FrameworkMethod.invokeExplosively(FrameworkMethod.java:42)
	at org.junit.internal.runners.statements.InvokeMethod.evaluate(InvokeMethod.java:20)
	at org.junit.runners.ParentRunner.runLeaf(ParentRunner.java:263)
	at org.junit.runners.BlockJUnit4ClassRunner.runChild(BlockJUnit4ClassRunner.java:68)
	at org.junit.runners.BlockJUnit4ClassRunner.runChild(BlockJUnit4ClassRunner.java:47)
	at org.junit.runners.ParentRunner$3.run(ParentRunner.java:231)
	at org.junit.runners.ParentRunner$1.schedule(ParentRunner.java:60)
	at org.junit.runners.ParentRunner.runChildren(ParentRunner.java:229)
	at org.junit.runners.ParentRunner.access$000(ParentRunner.java:50)
	at org.junit.runners.ParentRunner$2.evaluate(ParentRunner.java:222)
	at org.junit.runners.ParentRunner.run(ParentRunner.java:300)
	at junit.framework.JUnit4TestAdapter.run(JUnit4TestAdapter.java:39)
	at org.apache.tools.ant.taskdefs.optional.junit.JUnitTestRunner.run(JUnitTestRunner.java:532)
	at org.apache.tools.ant.taskdefs.optional.junit.JUnitTestRunner.launch(JUnitTestRunner.java:1179)
	at org.apache.tools.ant.taskdefs.optional.junit.JUnitTestRunner.main(JUnitTestRunner.java:1030)
Caused by: com.mysql.jdbc.exceptions.jdbc4.MySQLSyntaxErrorException: Unknown column 'porcentaje_ganancia_maestro' in 'field list'
	at sun.reflect.NativeConstructorAccessorImpl.newInstance0(Native Method)
	at sun.reflect.NativeConstructorAccessorImpl.newInstance(NativeConstructorAccessorImpl.java:62)
	at sun.reflect.DelegatingConstructorAccessorImpl.newInstance(DelegatingConstructorAccessorImpl.java:45)
	at java.lang.reflect.Constructor.newInstance(Constructor.java:408)
	at com.mysql.jdbc.Util.handleNewInstance(Util.java:411)
	at com.mysql.jdbc.Util.getInstance(Util.java:386)
	at com.mysql.jdbc.SQLError.createSQLException(SQLError.java:1053)
	at com.mysql.jdbc.MysqlIO.checkErrorPacket(MysqlIO.java:4120)
	at com.mysql.jdbc.MysqlIO.checkErrorPacket(MysqlIO.java:4052)
	at com.mysql.jdbc.MysqlIO.sendCommand(MysqlIO.java:2503)
	at com.mysql.jdbc.MysqlIO.sqlQueryDirect(MysqlIO.java:2664)
	at com.mysql.jdbc.ConnectionImpl.execSQL(ConnectionImpl.java:2794)
	at com.mysql.jdbc.PreparedStatement.executeInternal(PreparedStatement.java:2155)
	at com.mysql.jdbc.PreparedStatement.executeQuery(PreparedStatement.java:2322)
	at org.eclipse.persistence.internal.databaseaccess.DatabaseAccessor.executeSelect(DatabaseAccessor.java:1007)
	at org.eclipse.persistence.internal.databaseaccess.DatabaseAccessor.basicExecuteCall(DatabaseAccessor.java:642)
	... 53 more

may 20, 2017 7:00:46 PM recursos.DanzaResource modificarDanza
GRAVE: null
Local Exception Stack: 
Exception [EclipseLink-4002] (Eclipse Persistence Services - 2.5.2.v20140319-9ad6abd): org.eclipse.persistence.exceptions.DatabaseException
Internal Exception: com.mysql.jdbc.exceptions.jdbc4.MySQLSyntaxErrorException: Unknown column 'porcentaje_ganancia_maestro' in 'field list'
Error Code: 1054
Call: SELECT id, activo, costo_mensual, fecha_termino, porcentaje_ganancia_maestro, terminado, idMaestro, idTipoDanza FROM grupoClase WHERE (idTipoDanza = ?)
	bind => [1 parameter bound]
Query: ReadAllQuery(name="grupoClaseList" referenceClass=GrupoClase sql="SELECT id, activo, costo_mensual, fecha_termino, porcentaje_ganancia_maestro, terminado, idMaestro, idTipoDanza FROM grupoClase WHERE (idTipoDanza = ?)")
	at org.eclipse.persistence.exceptions.DatabaseException.sqlException(DatabaseException.java:340)
	at org.eclipse.persistence.internal.databaseaccess.DatabaseAccessor.basicExecuteCall(DatabaseAccessor.java:682)
	at org.eclipse.persistence.internal.databaseaccess.DatabaseAccessor.executeCall(DatabaseAccessor.java:558)
	at org.eclipse.persistence.internal.sessions.AbstractSession.basicExecuteCall(AbstractSession.java:2002)
	at org.eclipse.persistence.sessions.server.ServerSession.executeCall(ServerSession.java:570)
	at org.eclipse.persistence.internal.queries.DatasourceCallQueryMechanism.executeCall(DatasourceCallQueryMechanism.java:242)
	at org.eclipse.persistence.internal.queries.DatasourceCallQueryMechanism.executeCall(DatasourceCallQueryMechanism.java:228)
	at org.eclipse.persistence.internal.queries.DatasourceCallQueryMechanism.executeSelectCall(DatasourceCallQueryMechanism.java:299)
	at org.eclipse.persistence.internal.queries.DatasourceCallQueryMechanism.selectAllRows(DatasourceCallQueryMechanism.java:694)
	at org.eclipse.persistence.internal.queries.ExpressionQueryMechanism.selectAllRowsFromTable(ExpressionQueryMechanism.java:2738)
	at org.eclipse.persistence.internal.queries.ExpressionQueryMechanism.selectAllRows(ExpressionQueryMechanism.java:2691)
	at org.eclipse.persistence.queries.ReadAllQuery.executeObjectLevelReadQuery(ReadAllQuery.java:495)
	at org.eclipse.persistence.queries.ObjectLevelReadQuery.executeDatabaseQuery(ObjectLevelReadQuery.java:1168)
	at org.eclipse.persistence.queries.DatabaseQuery.execute(DatabaseQuery.java:899)
	at org.eclipse.persistence.queries.ObjectLevelReadQuery.execute(ObjectLevelReadQuery.java:1127)
	at org.eclipse.persistence.queries.ReadAllQuery.execute(ReadAllQuery.java:403)
	at org.eclipse.persistence.internal.sessions.AbstractSession.internalExecuteQuery(AbstractSession.java:3214)
	at org.eclipse.persistence.internal.sessions.AbstractSession.executeQuery(AbstractSession.java:1804)
	at org.eclipse.persistence.internal.sessions.AbstractSession.executeQuery(AbstractSession.java:1786)
	at org.eclipse.persistence.internal.indirection.QueryBasedValueHolder.instantiate(QueryBasedValueHolder.java:129)
	at org.eclipse.persistence.internal.indirection.QueryBasedValueHolder.instantiate(QueryBasedValueHolder.java:116)
	at org.eclipse.persistence.internal.indirection.DatabaseValueHolder.getValue(DatabaseValueHolder.java:89)
	at org.eclipse.persistence.internal.indirection.UnitOfWorkValueHolder.instantiateImpl(UnitOfWorkValueHolder.java:173)
	at org.eclipse.persistence.internal.indirection.UnitOfWorkValueHolder.instantiate(UnitOfWorkValueHolder.java:234)
	at org.eclipse.persistence.internal.indirection.DatabaseValueHolder.getValue(DatabaseValueHolder.java:89)
	at org.eclipse.persistence.indirection.IndirectList.buildDelegate(IndirectList.java:252)
	at org.eclipse.persistence.indirection.IndirectList.getDelegate(IndirectList.java:423)
	at org.eclipse.persistence.indirection.IndirectList$1.<init>(IndirectList.java:551)
	at org.eclipse.persistence.indirection.IndirectList.listIterator(IndirectList.java:550)
	at org.eclipse.persistence.indirection.IndirectList.iterator(IndirectList.java:514)
	at controladores.TipoDanzaJpaController.edit(TipoDanzaJpaController.java:78)
	at recursos.DanzaResource.modificarDanza(DanzaResource.java:37)
	at recursos.DanzaResourceTest.testModificarDanza(DanzaResourceTest.java:60)
	at sun.reflect.NativeMethodAccessorImpl.invoke0(Native Method)
	at sun.reflect.NativeMethodAccessorImpl.invoke(NativeMethodAccessorImpl.java:62)
	at sun.reflect.DelegatingMethodAccessorImpl.invoke(DelegatingMethodAccessorImpl.java:43)
	at java.lang.reflect.Method.invoke(Method.java:483)
	at org.junit.runners.model.FrameworkMethod$1.runReflectiveCall(FrameworkMethod.java:45)
	at org.junit.internal.runners.model.ReflectiveCallable.run(ReflectiveCallable.java:15)
	at org.junit.runners.model.FrameworkMethod.invokeExplosively(FrameworkMethod.java:42)
	at org.junit.internal.runners.statements.InvokeMethod.evaluate(InvokeMethod.java:20)
	at org.junit.runners.ParentRunner.runLeaf(ParentRunner.java:263)
	at org.junit.runners.BlockJUnit4ClassRunner.runChild(BlockJUnit4ClassRunner.java:68)
	at org.junit.runners.BlockJUnit4ClassRunner.runChild(BlockJUnit4ClassRunner.java:47)
	at org.junit.runners.ParentRunner$3.run(ParentRunner.java:231)
	at org.junit.runners.ParentRunner$1.schedule(ParentRunner.java:60)
	at org.junit.runners.ParentRunner.runChildren(ParentRunner.java:229)
	at org.junit.runners.ParentRunner.access$000(ParentRunner.java:50)
	at org.junit.runners.ParentRunner$2.evaluate(ParentRunner.java:222)
	at org.junit.runners.ParentRunner.run(ParentRunner.java:300)
	at junit.framework.JUnit4TestAdapter.run(JUnit4TestAdapter.java:39)
	at org.apache.tools.ant.taskdefs.optional.junit.JUnitTestRunner.run(JUnitTestRunner.java:532)
	at org.apache.tools.ant.taskdefs.optional.junit.JUnitTestRunner.launch(JUnitTestRunner.java:1179)
	at org.apache.tools.ant.taskdefs.optional.junit.JUnitTestRunner.main(JUnitTestRunner.java:1030)
Caused by: com.mysql.jdbc.exceptions.jdbc4.MySQLSyntaxErrorException: Unknown column 'porcentaje_ganancia_maestro' in 'field list'
	at sun.reflect.NativeConstructorAccessorImpl.newInstance0(Native Method)
	at sun.reflect.NativeConstructorAccessorImpl.newInstance(NativeConstructorAccessorImpl.java:62)
	at sun.reflect.DelegatingConstructorAccessorImpl.newInstance(DelegatingConstructorAccessorImpl.java:45)
	at java.lang.reflect.Constructor.newInstance(Constructor.java:408)
	at com.mysql.jdbc.Util.handleNewInstance(Util.java:411)
	at com.mysql.jdbc.Util.getInstance(Util.java:386)
	at com.mysql.jdbc.SQLError.createSQLException(SQLError.java:1053)
	at com.mysql.jdbc.MysqlIO.checkErrorPacket(MysqlIO.java:4120)
	at com.mysql.jdbc.MysqlIO.checkErrorPacket(MysqlIO.java:4052)
	at com.mysql.jdbc.MysqlIO.sendCommand(MysqlIO.java:2503)
	at com.mysql.jdbc.MysqlIO.sqlQueryDirect(MysqlIO.java:2664)
	at com.mysql.jdbc.ConnectionImpl.execSQL(ConnectionImpl.java:2794)
	at com.mysql.jdbc.PreparedStatement.executeInternal(PreparedStatement.java:2155)
	at com.mysql.jdbc.PreparedStatement.executeQuery(PreparedStatement.java:2322)
	at org.eclipse.persistence.internal.databaseaccess.DatabaseAccessor.executeSelect(DatabaseAccessor.java:1007)
	at org.eclipse.persistence.internal.databaseaccess.DatabaseAccessor.basicExecuteCall(DatabaseAccessor.java:642)
	... 52 more

]]></system-err>
</testsuite>
